{"numTotalTestSuites":6,"numPassedTestSuites":6,"numFailedTestSuites":0,"numPendingTestSuites":0,"numTotalTests":16,"numPassedTests":12,"numFailedTests":4,"numPendingTests":0,"numTodoTests":0,"startTime":1780506402830,"success":false,"testResults":[{"assertionResults":[{"ancestorTitles":["","SYS-JTBD-03 Unfold and Score Integration"],"fullName":" SYS-JTBD-03 Unfold and Score Integration runs unfold + evaluate deterministically across 3 iterations","status":"passed","title":"runs unfold + evaluate deterministically across 3 iterations","duration":174,"failureMessages":[]}],"startTime":1780506406386,"endTime":1780506406560,"status":"passed","message":"","name":"C:/Projects/mcp-cad/ts/tests/integration/sys_jtbd_03_unfold_score.integration.test.ts"},{"assertionResults":[{"ancestorTitles":["","Advanced Sheet Metal Unfolding Integration Tests"],"fullName":" Advanced Sheet Metal Unfolding Integration Tests validate_sheet_metal on solid box fails validation","status":"passed","title":"validate_sheet_metal on solid box fails validation","duration":67,"failureMessages":[]},{"ancestorTitles":["","Advanced Sheet Metal Unfolding Integration Tests"],"fullName":" Advanced Sheet Metal Unfolding Integration Tests validate_sheet_metal on sheet_1panel passes validation","status":"passed","title":"validate_sheet_metal on sheet_1panel passes validation","duration":29,"failureMessages":[]},{"ancestorTitles":["","Advanced Sheet Metal Unfolding Integration Tests"],"fullName":" Advanced Sheet Metal Unfolding Integration Tests reconstruct_curved_bends on sheet_3panel replaces sharp joints with fillets","status":"passed","title":"reconstruct_curved_bends on sheet_3panel replaces sharp joints with fillets","duration":51,"failureMessages":[]},{"ancestorTitles":["","Advanced Sheet Metal Unfolding Integration Tests"],"fullName":" Advanced Sheet Metal Unfolding Integration Tests apply_unfold and export_dxf produces layered DXF with CUT, BEND_UP/DOWN and text annotations","status":"passed","title":"apply_unfold and export_dxf produces layered DXF with CUT, BEND_UP/DOWN and text annotations","duration":27,"failureMessages":[]},{"ancestorTitles":["","Advanced Sheet Metal Unfolding Integration Tests"],"fullName":" Advanced Sheet Metal Unfolding Integration Tests unfold merged perpendicular panels shows combined 400x200 flat dimensions and 1 bend","status":"failed","title":"unfold merged perpendicular panels shows combined 400x200 flat dimensions and 1 bend","duration":6300,"failureMessages":["{\"code\":\"GE_SHELL_NOT_FOUND\",\"message\":\"Shell not found: 15bb20b8-b938-4741-9cac-87cf952c9dd2\",\"recoverable\":false}"]},{"ancestorTitles":["","Advanced Sheet Metal Unfolding Integration Tests"],"fullName":" Advanced Sheet Metal Unfolding Integration Tests unfold of a 0-bend split panel returns dimensions matching the panel face, not a sliver","status":"passed","title":"unfold of a 0-bend split panel returns dimensions matching the panel face, not a sliver","duration":4889,"failureMessages":[]},{"ancestorTitles":["","Advanced Sheet Metal Unfolding Integration Tests"],"fullName":" Advanced Sheet Metal Unfolding Integration Tests apply_unfold on a solid cube panel rejects with GE_PANEL_INVALID","status":"passed","title":"apply_unfold on a solid cube panel rejects with GE_PANEL_INVALID","duration":3294,"failureMessages":[]},{"ancestorTitles":["","Advanced Sheet Metal Unfolding Integration Tests"],"fullName":" Advanced Sheet Metal Unfolding Integration Tests apply_unfold on the pre-split testcube whole body is rejected or returns correct bbox dims","status":"passed","title":"apply_unfold on the pre-split testcube whole body is rejected or returns correct bbox dims","duration":2926,"failureMessages":[]}],"startTime":1780506406409,"endTime":1780506423993,"status":"failed","message":"","name":"C:/Projects/mcp-cad/ts/tests/integration/unfold.integration.test.ts"},{"assertionResults":[{"ancestorTitles":["","Unfold round-trip harness"],"fullName":" Unfold round-trip harness CASE 1-app: merge of two perpendicular outer panels at app-default radius 1.0mm (regression for user report)","status":"passed","title":"CASE 1-app: merge of two perpendicular outer panels at app-default radius 1.0mm (regression for user report)","duration":6474,"failureMessages":[]},{"ancestorTitles":["","Unfold round-trip harness"],"fullName":" Unfold round-trip harness CASE 1: one merge of two perpendicular outer panels unfolds to 400×200 / 1 bend","status":"passed","title":"CASE 1: one merge of two perpendicular outer panels unfolds to 400×200 / 1 bend","duration":4885,"failureMessages":[]},{"ancestorTitles":["","Unfold round-trip harness"],"fullName":" Unfold round-trip harness CASE 2: chained merge of 3 mutually-perpendicular cube faces is correctly rejected","status":"failed","title":"CASE 2: chained merge of 3 mutually-perpendicular cube faces is correctly rejected","duration":3302,"failureMessages":["{\"code\":\"GE_SHELL_NOT_FOUND\",\"message\":\"Shell not found: 5303c5d1-9bda-46ad-8295-e5e0466db29c\",\"recoverable\":false}"]},{"ancestorTitles":["","Unfold round-trip harness"],"fullName":" Unfold round-trip harness CASE 3: translate one panel by 0.05mm then merge — sewing tolerance probe","status":"failed","title":"CASE 3: translate one panel by 0.05mm then merge — sewing tolerance probe","duration":2925,"failureMessages":["{\"code\":\"GE_SHELL_NOT_FOUND\",\"message\":\"Shell/solid not found: 52c0da3d-b5c1-491d-a896-09676753419b\",\"recoverable\":false}"]},{"ancestorTitles":["","Unfold round-trip harness"],"fullName":" Unfold round-trip harness CASE 4: all six paired-cube unfolds are 2:1 rectangles with central bend","status":"failed","title":"CASE 4: all six paired-cube unfolds are 2:1 rectangles with central bend","duration":3651,"failureMessages":["expected [ { cube: 'INNER', …(3) }, …(3) ] to deeply equal []"],"location":{"line":511,"column":22}},{"ancestorTitles":["","Unfold round-trip harness"],"fullName":" Unfold round-trip harness CASE 5a: asymmetric L (two cube faces, one offset along seam) unfolds to exactly 1 bend","status":"passed","title":"CASE 5a: asymmetric L (two cube faces, one offset along seam) unfolds to exactly 1 bend","duration":2975,"failureMessages":[]},{"ancestorTitles":["","Unfold round-trip harness"],"fullName":" Unfold round-trip harness CASE 5b: chained merge A+B+C with parallel A/C correctly rejects empty fuse","status":"passed","title":"CASE 5b: chained merge A+B+C with parallel A/C correctly rejects empty fuse","duration":4465,"failureMessages":[]}],"startTime":1780506406409,"endTime":1780506435086,"status":"failed","message":"","name":"C:/Projects/mcp-cad/ts/tests/integration/unfold_roundtrip.integration.test.ts"}]}